<?xml version="1.0" encoding="UTF-8"?>
<testsuite name="Register at Utes.com" tests="1" skipped="0" failures="0" errors="0" timestamp="2021-11-28T23:42:23" hostname="CHMEPPF0HFPV2" time="14.303">
  <properties/>
  <testcase name="fill form" classname="Register at Utes.com" time="14.303"/>
  <system-out><![CDATA[]]></system-out>
  <system-err><![CDATA[[Test worker] WARN net.thucydides.core.steps.BaseStepListener - stepStarted: net.thucydides.core.steps.ExecutedStepDescription@bcc021d
[Test worker] WARN net.thucydides.core.steps.BaseStepListener - stepStarted: net.thucydides.core.steps.ExecutedStepDescription@62bc1b47
[Test worker] WARN net.thucydides.core.steps.BaseStepListener - stepStarted: net.thucydides.core.steps.ExecutedStepDescription@58094d97
nov 28, 2021 6:42:24 PM org.openqa.selenium.remote.DesiredCapabilities chrome
INFORMACIÓN: Using `new ChromeOptions()` is preferred to `DesiredCapabilities.chrome()`
[Test worker] INFO net.serenitybdd.core.webdriver.driverproviders.ProvideNewDriver - Instantiating driver
[Test worker] INFO net.serenitybdd.core.webdriver.driverproviders.ProvideNewDriver - Driver capabilities: Capabilities {acceptInsecureCerts: false, browserName: chrome, chrome.switches: --start-maximized, goog:chromeOptions: {args: [--start-maximized], extensions: []}, loggingPrefs: org.openqa.selenium.logging..., platform: ANY, version: }
Starting ChromeDriver 96.0.4664.45 (76e4c1bb2ab4671b8beba3444e61c0f17584b2fc-refs/branch-heads/4664@{#947}) on port 27297
Only local connections are allowed.
Please see https://chromedriver.chromium.org/security-considerations for suggestions on keeping ChromeDriver safe.
ChromeDriver was started successfully.
nov 28, 2021 6:42:31 PM org.openqa.selenium.remote.ProtocolHandshake createSession
INFORMACIÓN: Detected dialect: W3C
[Test worker] WARN net.thucydides.core.steps.BaseStepListener - stepFinished: current outcome:fill form:Given the user want to register [Milena go [Milena opens the Open utest]]
[Test worker] WARN net.thucydides.core.steps.BaseStepListener - stepFinished: current outcome:fill form:Given the user want to register [Milena go [Milena opens the Open utest]]
[Test worker] WARN net.thucydides.core.steps.BaseStepListener - stepFinished: current outcome:fill form:Given the user want to register [Milena go [Milena opens the Open utest]]
[Test worker] WARN net.thucydides.core.steps.BaseStepListener - stepStarted: net.thucydides.core.steps.ExecutedStepDescription@3630a3e8
[Test worker] WARN net.thucydides.core.steps.BaseStepListener - stepFinished: current outcome:fill form:Given the user want to register [Milena go [Milena opens the Open utest]], When the user fill form
[Test worker] WARN net.thucydides.core.steps.BaseStepListener - stepStarted: net.thucydides.core.steps.ExecutedStepDescription@43ec5c0a
[Test worker] WARN net.thucydides.core.steps.BaseStepListener - stepFinished: current outcome:fill form:Given the user want to register [Milena go [Milena opens the Open utest]], When the user fill form, Then user registers successfully
[Test worker] WARN net.thucydides.core.steps.BaseStepListener - testFinished: fill form:Given the user want to register [Milena go [Milena opens the Open utest]], When the user fill form, Then user registers successfully
[Test worker] WARN net.thucydides.core.steps.BaseStepListener - TestOutcomes: [fill form:Given the user want to register [Milena go [Milena opens the Open utest]], When the user fill form, Then user registers successfully]
[Test worker] WARN net.thucydides.core.steps.BaseStepListener - Final testOutcomes: [fill form:Given the user want to register [Milena go [Milena opens the Open utest]], When the user fill form, Then user registers successfully]
[Test worker] INFO net.thucydides.core.steps.ConsoleLoggingListener - 
        __    _____ _____ ____ _____   ____   _    ____  ____  _____ ____  
  _     \ \  |_   _| ____/ ___|_   _| |  _ \ / \  / ___|/ ___|| ____|  _ \ 
 (_)_____| |   | | |  _| \___ \ | |   | |_) / _ \ \___ \\___ \|  _| | | | |
  _|_____| |   | | | |___ ___) || |   |  __/ ___ \ ___) |___) | |___| |_| |
 (_)     | |   |_| |_____|____/ |_|   |_| /_/   \_\____/|____/|_____|____/ 
        /_/                                                                

TEST PASSED: fill form
----------------------------------------------------------------------------
]]></system-err>
</testsuite>
